#! /usr/local/bin/vvp
:ivl_version "12.0 (stable)";
:ivl_delay_selection "TYPICAL";
:vpi_time_precision - 9;
:vpi_module "/usr/local/lib/ivl/system.vpi";
:vpi_module "/usr/local/lib/ivl/vhdl_sys.vpi";
:vpi_module "/usr/local/lib/ivl/vhdl_textio.vpi";
:vpi_module "/usr/local/lib/ivl/v2005_math.vpi";
:vpi_module "/usr/local/lib/ivl/va_math.vpi";
:vpi_module "/usr/local/lib/ivl/v2009.vpi";
S_0x7fffb8c67c00 .scope package, "$unit" "$unit" 2 1;
 .timescale 0 0;
S_0x7fffb8cc84f0 .scope module, "pipelined_proc_tb" "pipelined_proc_tb" 3 4;
 .timescale -9 -9;
v0x7fffb8cf05d0_0 .var "clk", 0 0;
v0x7fffb8cf0690_0 .var "resetn", 0 0;
v0x7fffb8cf0750_0 .var "temp_sel", 0 0;
S_0x7fffb8cbd330 .scope begin, "CLOCK_GEN" "CLOCK_GEN" 3 18, 3 18 0, S_0x7fffb8cc84f0;
 .timescale -9 -9;
S_0x7fffb8cacb70 .scope begin, "INIT_RESET" "INIT_RESET" 3 8, 3 8 0, S_0x7fffb8cc84f0;
 .timescale -9 -9;
S_0x7fffb8cacd50 .scope begin, "TEMP_STIM" "TEMP_STIM" 3 23, 3 23 0, S_0x7fffb8cc84f0;
 .timescale -9 -9;
S_0x7fffb8cafc70 .scope begin, "VCD" "VCD" 3 38, 3 38 0, S_0x7fffb8cc84f0;
 .timescale -9 -9;
S_0x7fffb8cafe50 .scope module, "proc" "pipelined_proc" 3 31, 4 131 0, S_0x7fffb8cc84f0;
 .timescale -9 -9;
    .port_info 0 /INPUT 1 "clk";
    .port_info 1 /INPUT 1 "resetn";
    .port_info 2 /INPUT 1 "temp_sel";
P_0x7fffb8ccf830 .param/l "ADD" 0 4 163, C4<0110011>;
P_0x7fffb8ccf870 .param/l "ADDI" 0 4 154, C4<0010011>;
P_0x7fffb8ccf8b0 .param/l "AND" 0 4 172, C4<0110011>;
P_0x7fffb8ccf8f0 .param/l "ANDI" 0 4 159, C4<0010011>;
P_0x7fffb8ccf930 .param/l "AUIPC" 0 4 137, C4<0010111>;
P_0x7fffb8ccf970 .param/l "BEQ" 0 4 140, C4<1100011>;
P_0x7fffb8ccf9b0 .param/l "BGE" 0 4 143, C4<1100011>;
P_0x7fffb8ccf9f0 .param/l "BGEU" 0 4 145, C4<1100011>;
P_0x7fffb8ccfa30 .param/l "BLT" 0 4 142, C4<1100011>;
P_0x7fffb8ccfa70 .param/l "BLTU" 0 4 144, C4<1100011>;
P_0x7fffb8ccfab0 .param/l "BNE" 0 4 141, C4<1100011>;
P_0x7fffb8ccfaf0 .param/l "JAL" 0 4 138, C4<1101111>;
P_0x7fffb8ccfb30 .param/l "JALR" 0 4 139, C4<1100111>;
P_0x7fffb8ccfb70 .param/l "LB" 0 4 146, C4<0000011>;
P_0x7fffb8ccfbb0 .param/l "LBH" 0 4 150, C4<0000011>;
P_0x7fffb8ccfbf0 .param/l "LBU" 0 4 149, C4<0000011>;
P_0x7fffb8ccfc30 .param/l "LH" 0 4 147, C4<0000011>;
P_0x7fffb8ccfc70 .param/l "LUI" 0 4 136, C4<0110111>;
P_0x7fffb8ccfcb0 .param/l "LW" 0 4 148, C4<0000011>;
P_0x7fffb8ccfcf0 .param/l "OR" 0 4 171, C4<0110011>;
P_0x7fffb8ccfd30 .param/l "ORI" 0 4 158, C4<0010011>;
P_0x7fffb8ccfd70 .param/l "SB" 0 4 151, C4<0100011>;
P_0x7fffb8ccfdb0 .param/l "SH" 0 4 152, C4<0100011>;
P_0x7fffb8ccfdf0 .param/l "SLL" 0 4 165, C4<0110011>;
P_0x7fffb8ccfe30 .param/l "SLLI" 0 4 160, C4<0010011>;
P_0x7fffb8ccfe70 .param/l "SLT" 0 4 166, C4<0110011>;
P_0x7fffb8ccfeb0 .param/l "SLTI" 0 4 155, C4<0010011>;
P_0x7fffb8ccfef0 .param/l "SLTIU" 0 4 156, C4<0010011>;
P_0x7fffb8ccff30 .param/l "SLTU" 0 4 167, C4<0110011>;
P_0x7fffb8ccff70 .param/l "SRA" 0 4 170, C4<0110011>;
P_0x7fffb8ccffb0 .param/l "SRAI" 0 4 162, C4<0010011>;
P_0x7fffb8ccfff0 .param/l "SRL" 0 4 169, C4<0110011>;
P_0x7fffb8cd0030 .param/l "SRLI" 0 4 161, C4<0010011>;
P_0x7fffb8cd0070 .param/l "SUB" 0 4 164, C4<0110011>;
P_0x7fffb8cd00b0 .param/l "SW" 0 4 153, C4<0100011>;
P_0x7fffb8cd00f0 .param/l "XOR" 0 4 168, C4<0110011>;
P_0x7fffb8cd0130 .param/l "XORI" 0 4 157, C4<0010011>;
L_0x7fffb8cf2320 .functor BUFZ 32, L_0x7fffb8d05920, C4<00000000000000000000000000000000>, C4<00000000000000000000000000000000>, C4<00000000000000000000000000000000>;
v0x7fffb8cedcb0_0 .net *"_ivl_10", 0 0, L_0x7fffb8cf2390;  1 drivers
v0x7fffb8ceddb0_0 .net *"_ivl_11", 24 0, L_0x7fffb8cf24c0;  1 drivers
v0x7fffb8cede90_0 .net *"_ivl_14", 5 0, L_0x7fffb8cf2960;  1 drivers
v0x7fffb8cedf50_0 .net *"_ivl_16", 3 0, L_0x7fffb8cf2a00;  1 drivers
v0x7fffb8cee030_0 .net *"_ivl_18", 0 0, L_0x7fffb8cf2b30;  1 drivers
v0x7fffb8cee160_0 .net *"_ivl_19", 35 0, L_0x7fffb8cf2c00;  1 drivers
v0x7fffb8cee240_0 .net *"_ivl_24", 0 0, L_0x7fffb8cf2eb0;  1 drivers
v0x7fffb8cee320_0 .net *"_ivl_25", 24 0, L_0x7fffb8cf2fd0;  1 drivers
v0x7fffb8cee400_0 .net *"_ivl_28", 5 0, L_0x7fffb8cf33b0;  1 drivers
v0x7fffb8cee4e0_0 .net *"_ivl_30", 3 0, L_0x7fffb8cf34e0;  1 drivers
v0x7fffb8cee5c0_0 .net *"_ivl_32", 0 0, L_0x7fffb8cf3580;  1 drivers
v0x7fffb8cee6a0_0 .net *"_ivl_33", 35 0, L_0x7fffb8cf36c0;  1 drivers
v0x7fffb8cee780_0 .net *"_ivl_38", 0 0, L_0x7fffb8cf3620;  1 drivers
v0x7fffb8cee860_0 .net *"_ivl_39", 23 0, L_0x7fffb8cf3a50;  1 drivers
v0x7fffb8cee940_0 .net *"_ivl_42", 0 0, L_0x7fffb8cf3ee0;  1 drivers
v0x7fffb8ceea20_0 .net *"_ivl_44", 5 0, L_0x7fffb8cf3f80;  1 drivers
v0x7fffb8ceeb00_0 .net *"_ivl_46", 3 0, L_0x7fffb8cf40f0;  1 drivers
L_0x7f11a26a0018 .functor BUFT 1, C4<0>, C4<0>, C4<0>, C4<0>;
v0x7fffb8ceebe0_0 .net/2u *"_ivl_47", 0 0, L_0x7f11a26a0018;  1 drivers
v0x7fffb8ceecc0_0 .net *"_ivl_49", 35 0, L_0x7fffb8cf41c0;  1 drivers
v0x7fffb8ceeda0_0 .net *"_ivl_54", 0 0, L_0x7fffb8cf45a0;  1 drivers
v0x7fffb8ceee80_0 .net *"_ivl_56", 10 0, L_0x7fffb8cf4940;  1 drivers
v0x7fffb8ceef60_0 .net *"_ivl_58", 7 0, L_0x7fffb8cf49e0;  1 drivers
L_0x7f11a26a0060 .functor BUFT 1, C4<000000000000>, C4<0>, C4<0>, C4<0>;
v0x7fffb8cef040_0 .net/2u *"_ivl_59", 11 0, L_0x7f11a26a0060;  1 drivers
v0x7fffb8cef120_0 .net *"_ivl_64", 0 0, L_0x7fffb8d04da0;  1 drivers
v0x7fffb8cef200_0 .net *"_ivl_65", 11 0, L_0x7fffb8d04f50;  1 drivers
v0x7fffb8cef2e0_0 .net *"_ivl_68", 7 0, L_0x7fffb8d05040;  1 drivers
v0x7fffb8cef3c0_0 .net *"_ivl_70", 0 0, L_0x7fffb8d05200;  1 drivers
v0x7fffb8cef4a0_0 .net *"_ivl_72", 5 0, L_0x7fffb8d052a0;  1 drivers
v0x7fffb8cef580_0 .net *"_ivl_74", 3 0, L_0x7fffb8d050e0;  1 drivers
L_0x7f11a26a00a8 .functor BUFT 1, C4<0>, C4<0>, C4<0>, C4<0>;
v0x7fffb8cef660_0 .net/2u *"_ivl_75", 0 0, L_0x7f11a26a00a8;  1 drivers
v0x7fffb8cef740_0 .net *"_ivl_8", 31 0, L_0x7fffb8cf2320;  1 drivers
v0x7fffb8cef820_0 .net "clk", 0 0, v0x7fffb8cf05d0_0;  1 drivers
v0x7fffb8cef8c0_0 .net "funct3", 2 0, L_0x7fffb8cf20a0;  1 drivers
v0x7fffb8cef9a0_0 .net "funct7", 6 0, L_0x7fffb8cf1e70;  1 drivers
v0x7fffb8cefa80_0 .net "immB", 31 0, L_0x7fffb8cf44b0;  1 drivers
v0x7fffb8cefb60_0 .net "immI", 31 0, L_0x7fffb8cf2dc0;  1 drivers
v0x7fffb8cefc40_0 .net "immJ", 31 0, L_0x7fffb8d054a0;  1 drivers
v0x7fffb8cefd20_0 .net "immS", 31 0, L_0x7fffb8cf38b0;  1 drivers
v0x7fffb8cefe00_0 .net "immU", 31 0, L_0x7fffb8d04b90;  1 drivers
v0x7fffb8cefee0_0 .net "instr", 31 0, L_0x7fffb8d05920;  1 drivers
v0x7fffb8cefff0_0 .net "opcode", 6 0, L_0x7fffb8cf2210;  1 drivers
v0x7fffb8cf00d0_0 .net "rd", 4 0, L_0x7fffb8cf2170;  1 drivers
v0x7fffb8cf01b0_0 .net "resetn", 0 0, v0x7fffb8cf0690_0;  1 drivers
v0x7fffb8cf02a0_0 .net "rs1", 4 0, L_0x7fffb8cf2000;  1 drivers
v0x7fffb8cf0380_0 .net "rs2", 4 0, L_0x7fffb8cf1f10;  1 drivers
v0x7fffb8cf0460_0 .net "temp_sel", 0 0, v0x7fffb8cf0750_0;  1 drivers
L_0x7fffb8cf1e70 .part L_0x7fffb8cf2320, 25, 7;
L_0x7fffb8cf1f10 .part L_0x7fffb8cf2320, 20, 5;
L_0x7fffb8cf2000 .part L_0x7fffb8cf2320, 15, 5;
L_0x7fffb8cf20a0 .part L_0x7fffb8cf2320, 12, 3;
L_0x7fffb8cf2170 .part L_0x7fffb8cf2320, 7, 5;
L_0x7fffb8cf2210 .part L_0x7fffb8cf2320, 0, 7;
L_0x7fffb8cf2390 .part L_0x7fffb8d05920, 31, 1;
LS_0x7fffb8cf24c0_0_0 .concat [ 1 1 1 1], L_0x7fffb8cf2390, L_0x7fffb8cf2390, L_0x7fffb8cf2390, L_0x7fffb8cf2390;
LS_0x7fffb8cf24c0_0_4 .concat [ 1 1 1 1], L_0x7fffb8cf2390, L_0x7fffb8cf2390, L_0x7fffb8cf2390, L_0x7fffb8cf2390;
LS_0x7fffb8cf24c0_0_8 .concat [ 1 1 1 1], L_0x7fffb8cf2390, L_0x7fffb8cf2390, L_0x7fffb8cf2390, L_0x7fffb8cf2390;
LS_0x7fffb8cf24c0_0_12 .concat [ 1 1 1 1], L_0x7fffb8cf2390, L_0x7fffb8cf2390, L_0x7fffb8cf2390, L_0x7fffb8cf2390;
LS_0x7fffb8cf24c0_0_16 .concat [ 1 1 1 1], L_0x7fffb8cf2390, L_0x7fffb8cf2390, L_0x7fffb8cf2390, L_0x7fffb8cf2390;
LS_0x7fffb8cf24c0_0_20 .concat [ 1 1 1 1], L_0x7fffb8cf2390, L_0x7fffb8cf2390, L_0x7fffb8cf2390, L_0x7fffb8cf2390;
LS_0x7fffb8cf24c0_0_24 .concat [ 1 0 0 0], L_0x7fffb8cf2390;
LS_0x7fffb8cf24c0_1_0 .concat [ 4 4 4 4], LS_0x7fffb8cf24c0_0_0, LS_0x7fffb8cf24c0_0_4, LS_0x7fffb8cf24c0_0_8, LS_0x7fffb8cf24c0_0_12;
LS_0x7fffb8cf24c0_1_4 .concat [ 4 4 1 0], LS_0x7fffb8cf24c0_0_16, LS_0x7fffb8cf24c0_0_20, LS_0x7fffb8cf24c0_0_24;
L_0x7fffb8cf24c0 .concat [ 16 9 0 0], LS_0x7fffb8cf24c0_1_0, LS_0x7fffb8cf24c0_1_4;
L_0x7fffb8cf2960 .part L_0x7fffb8d05920, 25, 6;
L_0x7fffb8cf2a00 .part L_0x7fffb8d05920, 21, 4;
L_0x7fffb8cf2b30 .part L_0x7fffb8d05920, 20, 1;
L_0x7fffb8cf2c00 .concat [ 1 4 6 25], L_0x7fffb8cf2b30, L_0x7fffb8cf2a00, L_0x7fffb8cf2960, L_0x7fffb8cf24c0;
L_0x7fffb8cf2dc0 .part L_0x7fffb8cf2c00, 0, 32;
L_0x7fffb8cf2eb0 .part L_0x7fffb8d05920, 31, 1;
LS_0x7fffb8cf2fd0_0_0 .concat [ 1 1 1 1], L_0x7fffb8cf2eb0, L_0x7fffb8cf2eb0, L_0x7fffb8cf2eb0, L_0x7fffb8cf2eb0;
LS_0x7fffb8cf2fd0_0_4 .concat [ 1 1 1 1], L_0x7fffb8cf2eb0, L_0x7fffb8cf2eb0, L_0x7fffb8cf2eb0, L_0x7fffb8cf2eb0;
LS_0x7fffb8cf2fd0_0_8 .concat [ 1 1 1 1], L_0x7fffb8cf2eb0, L_0x7fffb8cf2eb0, L_0x7fffb8cf2eb0, L_0x7fffb8cf2eb0;
LS_0x7fffb8cf2fd0_0_12 .concat [ 1 1 1 1], L_0x7fffb8cf2eb0, L_0x7fffb8cf2eb0, L_0x7fffb8cf2eb0, L_0x7fffb8cf2eb0;
LS_0x7fffb8cf2fd0_0_16 .concat [ 1 1 1 1], L_0x7fffb8cf2eb0, L_0x7fffb8cf2eb0, L_0x7fffb8cf2eb0, L_0x7fffb8cf2eb0;
LS_0x7fffb8cf2fd0_0_20 .concat [ 1 1 1 1], L_0x7fffb8cf2eb0, L_0x7fffb8cf2eb0, L_0x7fffb8cf2eb0, L_0x7fffb8cf2eb0;
LS_0x7fffb8cf2fd0_0_24 .concat [ 1 0 0 0], L_0x7fffb8cf2eb0;
LS_0x7fffb8cf2fd0_1_0 .concat [ 4 4 4 4], LS_0x7fffb8cf2fd0_0_0, LS_0x7fffb8cf2fd0_0_4, LS_0x7fffb8cf2fd0_0_8, LS_0x7fffb8cf2fd0_0_12;
LS_0x7fffb8cf2fd0_1_4 .concat [ 4 4 1 0], LS_0x7fffb8cf2fd0_0_16, LS_0x7fffb8cf2fd0_0_20, LS_0x7fffb8cf2fd0_0_24;
L_0x7fffb8cf2fd0 .concat [ 16 9 0 0], LS_0x7fffb8cf2fd0_1_0, LS_0x7fffb8cf2fd0_1_4;
L_0x7fffb8cf33b0 .part L_0x7fffb8d05920, 25, 6;
L_0x7fffb8cf34e0 .part L_0x7fffb8d05920, 8, 4;
L_0x7fffb8cf3580 .part L_0x7fffb8d05920, 7, 1;
L_0x7fffb8cf36c0 .concat [ 1 4 6 25], L_0x7fffb8cf3580, L_0x7fffb8cf34e0, L_0x7fffb8cf33b0, L_0x7fffb8cf2fd0;
L_0x7fffb8cf38b0 .part L_0x7fffb8cf36c0, 0, 32;
L_0x7fffb8cf3620 .part L_0x7fffb8d05920, 31, 1;
LS_0x7fffb8cf3a50_0_0 .concat [ 1 1 1 1], L_0x7fffb8cf3620, L_0x7fffb8cf3620, L_0x7fffb8cf3620, L_0x7fffb8cf3620;
LS_0x7fffb8cf3a50_0_4 .concat [ 1 1 1 1], L_0x7fffb8cf3620, L_0x7fffb8cf3620, L_0x7fffb8cf3620, L_0x7fffb8cf3620;
LS_0x7fffb8cf3a50_0_8 .concat [ 1 1 1 1], L_0x7fffb8cf3620, L_0x7fffb8cf3620, L_0x7fffb8cf3620, L_0x7fffb8cf3620;
LS_0x7fffb8cf3a50_0_12 .concat [ 1 1 1 1], L_0x7fffb8cf3620, L_0x7fffb8cf3620, L_0x7fffb8cf3620, L_0x7fffb8cf3620;
LS_0x7fffb8cf3a50_0_16 .concat [ 1 1 1 1], L_0x7fffb8cf3620, L_0x7fffb8cf3620, L_0x7fffb8cf3620, L_0x7fffb8cf3620;
LS_0x7fffb8cf3a50_0_20 .concat [ 1 1 1 1], L_0x7fffb8cf3620, L_0x7fffb8cf3620, L_0x7fffb8cf3620, L_0x7fffb8cf3620;
LS_0x7fffb8cf3a50_1_0 .concat [ 4 4 4 4], LS_0x7fffb8cf3a50_0_0, LS_0x7fffb8cf3a50_0_4, LS_0x7fffb8cf3a50_0_8, LS_0x7fffb8cf3a50_0_12;
LS_0x7fffb8cf3a50_1_4 .concat [ 4 4 0 0], LS_0x7fffb8cf3a50_0_16, LS_0x7fffb8cf3a50_0_20;
L_0x7fffb8cf3a50 .concat [ 16 8 0 0], LS_0x7fffb8cf3a50_1_0, LS_0x7fffb8cf3a50_1_4;
L_0x7fffb8cf3ee0 .part L_0x7fffb8d05920, 7, 1;
L_0x7fffb8cf3f80 .part L_0x7fffb8d05920, 25, 6;
L_0x7fffb8cf40f0 .part L_0x7fffb8d05920, 8, 4;
LS_0x7fffb8cf41c0_0_0 .concat [ 1 4 6 1], L_0x7f11a26a0018, L_0x7fffb8cf40f0, L_0x7fffb8cf3f80, L_0x7fffb8cf3ee0;
LS_0x7fffb8cf41c0_0_4 .concat [ 24 0 0 0], L_0x7fffb8cf3a50;
L_0x7fffb8cf41c0 .concat [ 12 24 0 0], LS_0x7fffb8cf41c0_0_0, LS_0x7fffb8cf41c0_0_4;
L_0x7fffb8cf44b0 .part L_0x7fffb8cf41c0, 0, 32;
L_0x7fffb8cf45a0 .part L_0x7fffb8d05920, 31, 1;
L_0x7fffb8cf4940 .part L_0x7fffb8d05920, 20, 11;
L_0x7fffb8cf49e0 .part L_0x7fffb8d05920, 12, 8;
L_0x7fffb8d04b90 .concat [ 12 8 11 1], L_0x7f11a26a0060, L_0x7fffb8cf49e0, L_0x7fffb8cf4940, L_0x7fffb8cf45a0;
L_0x7fffb8d04da0 .part L_0x7fffb8d05920, 31, 1;
LS_0x7fffb8d04f50_0_0 .concat [ 1 1 1 1], L_0x7fffb8d04da0, L_0x7fffb8d04da0, L_0x7fffb8d04da0, L_0x7fffb8d04da0;
LS_0x7fffb8d04f50_0_4 .concat [ 1 1 1 1], L_0x7fffb8d04da0, L_0x7fffb8d04da0, L_0x7fffb8d04da0, L_0x7fffb8d04da0;
LS_0x7fffb8d04f50_0_8 .concat [ 1 1 1 1], L_0x7fffb8d04da0, L_0x7fffb8d04da0, L_0x7fffb8d04da0, L_0x7fffb8d04da0;
L_0x7fffb8d04f50 .concat [ 4 4 4 0], LS_0x7fffb8d04f50_0_0, LS_0x7fffb8d04f50_0_4, LS_0x7fffb8d04f50_0_8;
L_0x7fffb8d05040 .part L_0x7fffb8d05920, 12, 8;
L_0x7fffb8d05200 .part L_0x7fffb8d05920, 20, 1;
L_0x7fffb8d052a0 .part L_0x7fffb8d05920, 25, 6;
L_0x7fffb8d050e0 .part L_0x7fffb8d05920, 21, 4;
LS_0x7fffb8d054a0_0_0 .concat [ 1 4 6 1], L_0x7f11a26a00a8, L_0x7fffb8d050e0, L_0x7fffb8d052a0, L_0x7fffb8d05200;
LS_0x7fffb8d054a0_0_4 .concat [ 8 12 0 0], L_0x7fffb8d05040, L_0x7fffb8d04f50;
L_0x7fffb8d054a0 .concat [ 12 20 0 0], LS_0x7fffb8d054a0_0_0, LS_0x7fffb8d054a0_0_4;
S_0x7fffb8cbeac0 .scope module, "fetch_stage" "fetch" 4 199, 4 228 0, S_0x7fffb8cafe50;
 .timescale -9 -9;
    .port_info 0 /INPUT 1 "clk";
    .port_info 1 /INPUT 1 "resetn";
    .port_info 2 /INPUT 1 "pcSel";
    .port_info 3 /INPUT 32 "pcTarget";
    .port_info 4 /OUTPUT 32 "instr";
v0x7fffb8ced570_0 .net "clk", 0 0, v0x7fffb8cf05d0_0;  alias, 1 drivers
v0x7fffb8ced630_0 .net "instr", 31 0, L_0x7fffb8d05920;  alias, 1 drivers
v0x7fffb8ced700_0 .net "pc", 31 0, v0x7fffb8cb14c0_0;  1 drivers
v0x7fffb8ced820_0 .net "pcNext", 31 0, L_0x7fffb8d05a10;  1 drivers
v0x7fffb8ced910_0 .net "pcPlus4", 31 0, L_0x7fffb8d05880;  1 drivers
v0x7fffb8ceda70_0 .net "pcSel", 0 0, v0x7fffb8cf0750_0;  alias, 1 drivers
L_0x7f11a26a0180 .functor BUFT 1, C4<00000000000000000000000010000000>, C4<0>, C4<0>, C4<0>;
v0x7fffb8cedb10_0 .net "pcTarget", 31 0, L_0x7f11a26a0180;  1 drivers
v0x7fffb8cedbb0_0 .net "resetn", 0 0, v0x7fffb8cf0690_0;  alias, 1 drivers
L_0x7fffb8d05ce0 .part v0x7fffb8cb14c0_0, 0, 8;
S_0x7fffb8cbecc0 .scope module, "getPC" "reg_r" 4 244, 5 4 0, S_0x7fffb8cbeac0;
 .timescale -9 -9;
    .port_info 0 /INPUT 1 "clk";
    .port_info 1 /INPUT 1 "resetn";
    .port_info 2 /INPUT 32 "d";
    .port_info 3 /OUTPUT 32 "q";
P_0x7fffb8cbeec0 .param/l "WIDTH" 0 5 4, +C4<00000000000000000000000000100000>;
v0x7fffb8cbf2c0_0 .net "clk", 0 0, v0x7fffb8cf05d0_0;  alias, 1 drivers
v0x7fffb8cb17c0_0 .net "d", 31 0, L_0x7fffb8d05a10;  alias, 1 drivers
v0x7fffb8cb14c0_0 .var "q", 31 0;
v0x7fffb8cb1040_0 .net "resetn", 0 0, v0x7fffb8cf0690_0;  alias, 1 drivers
E_0x7fffb8caf3f0/0 .event negedge, v0x7fffb8cb1040_0;
E_0x7fffb8caf3f0/1 .event posedge, v0x7fffb8cbf2c0_0;
E_0x7fffb8caf3f0 .event/or E_0x7fffb8caf3f0/0, E_0x7fffb8caf3f0/1;
S_0x7fffb8cec2e0 .scope module, "mem1MB" "mem" 4 249, 4 254 0, S_0x7fffb8cbeac0;
 .timescale -9 -9;
    .port_info 0 /INPUT 8 "addr";
    .port_info 1 /OUTPUT 32 "val";
L_0x7fffb8d05920 .functor BUFZ 32, L_0x7fffb8d05ab0, C4<00000000000000000000000000000000>, C4<00000000000000000000000000000000>, C4<00000000000000000000000000000000>;
v0x7fffb8cb0bc0_0 .net *"_ivl_0", 31 0, L_0x7fffb8d05ab0;  1 drivers
v0x7fffb8cb2cc0_0 .net *"_ivl_2", 9 0, L_0x7fffb8d05b50;  1 drivers
L_0x7f11a26a0138 .functor BUFT 1, C4<00>, C4<0>, C4<0>, C4<0>;
v0x7fffb8cb2540_0 .net *"_ivl_5", 1 0, L_0x7f11a26a0138;  1 drivers
v0x7fffb8cb32c0_0 .net "addr", 7 0, L_0x7fffb8d05ce0;  1 drivers
v0x7fffb8cec5e0 .array "memArray", 255 0, 31 0;
v0x7fffb8cec6f0_0 .net "val", 31 0, L_0x7fffb8d05920;  alias, 1 drivers
L_0x7fffb8d05ab0 .array/port v0x7fffb8cec5e0, L_0x7fffb8d05b50;
L_0x7fffb8d05b50 .concat [ 8 2 0 0], L_0x7fffb8d05ce0, L_0x7f11a26a0138;
S_0x7fffb8cec830 .scope module, "pcIncr" "adder" 4 235, 5 93 0, S_0x7fffb8cbeac0;
 .timescale -9 -9;
    .port_info 0 /INPUT 32 "op0";
    .port_info 1 /INPUT 32 "op1";
    .port_info 2 /OUTPUT 32 "out";
P_0x7fffb8ceca10 .param/l "WIDTH" 0 5 93, +C4<00000000000000000000000000100000>;
v0x7fffb8cecb00_0 .net "op0", 31 0, v0x7fffb8cb14c0_0;  alias, 1 drivers
L_0x7f11a26a00f0 .functor BUFT 1, C4<00000000000000000000000000000100>, C4<0>, C4<0>, C4<0>;
v0x7fffb8cecbf0_0 .net "op1", 31 0, L_0x7f11a26a00f0;  1 drivers
v0x7fffb8ceccb0_0 .net "out", 31 0, L_0x7fffb8d05880;  alias, 1 drivers
L_0x7fffb8d05880 .arith/sum 32, v0x7fffb8cb14c0_0, L_0x7f11a26a00f0;
S_0x7fffb8cece20 .scope module, "pcSelect" "mux2" 4 239, 5 85 0, S_0x7fffb8cbeac0;
 .timescale -9 -9;
    .port_info 0 /INPUT 32 "in0";
    .port_info 1 /INPUT 32 "in1";
    .port_info 2 /INPUT 1 "sel";
    .port_info 3 /OUTPUT 32 "out";
P_0x7fffb8ced000 .param/l "WIDTH" 0 5 85, +C4<00000000000000000000000000100000>;
v0x7fffb8ced170_0 .net "in0", 31 0, L_0x7fffb8d05880;  alias, 1 drivers
v0x7fffb8ced260_0 .net "in1", 31 0, L_0x7f11a26a0180;  alias, 1 drivers
v0x7fffb8ced320_0 .net "out", 31 0, L_0x7fffb8d05a10;  alias, 1 drivers
v0x7fffb8ced420_0 .net "sel", 0 0, v0x7fffb8cf0750_0;  alias, 1 drivers
L_0x7fffb8d05a10 .functor MUXZ 32, L_0x7fffb8d05880, L_0x7f11a26a0180, v0x7fffb8cf0750_0, C4<>;
S_0x7fffb8cc60b0 .scope module, "reg_rc" "reg_rc" 5 34;
 .timescale -9 -9;
    .port_info 0 /INPUT 1 "clk";
    .port_info 1 /INPUT 1 "resetn";
    .port_info 2 /INPUT 1 "clear";
    .port_info 3 /INPUT 1 "d";
    .port_info 4 /OUTPUT 1 "q";
P_0x7fffb8cc8e90 .param/l "WIDTH" 0 5 34, +C4<00000000000000000000000000000001>;
o0x7f11a26f0e58 .functor BUFZ 1, C4<z>; HiZ drive
v0x7fffb8cf0810_0 .net "clear", 0 0, o0x7f11a26f0e58;  0 drivers
o0x7f11a26f0e88 .functor BUFZ 1, C4<z>; HiZ drive
v0x7fffb8cf08d0_0 .net "clk", 0 0, o0x7f11a26f0e88;  0 drivers
o0x7f11a26f0eb8 .functor BUFZ 1, C4<z>; HiZ drive
v0x7fffb8cf0990_0 .net "d", 0 0, o0x7f11a26f0eb8;  0 drivers
v0x7fffb8cf0a50_0 .var "q", 0 0;
o0x7f11a26f0f18 .functor BUFZ 1, C4<z>; HiZ drive
v0x7fffb8cf0b30_0 .net "resetn", 0 0, o0x7f11a26f0f18;  0 drivers
E_0x7fffb8c8a400/0 .event negedge, v0x7fffb8cf0b30_0;
E_0x7fffb8c8a400/1 .event posedge, v0x7fffb8cf08d0_0;
E_0x7fffb8c8a400 .event/or E_0x7fffb8c8a400/0, E_0x7fffb8c8a400/1;
S_0x7fffb8cc4ad0 .scope module, "reg_rce" "reg_rce" 5 67;
 .timescale -9 -9;
    .port_info 0 /INPUT 1 "clk";
    .port_info 1 /INPUT 1 "resetn";
    .port_info 2 /INPUT 1 "clear";
    .port_info 3 /INPUT 1 "en";
    .port_info 4 /INPUT 1 "d";
    .port_info 5 /OUTPUT 1 "q";
P_0x7fffb8cbcbe0 .param/l "WIDTH" 0 5 67, +C4<00000000000000000000000000000001>;
o0x7f11a26f1038 .functor BUFZ 1, C4<z>; HiZ drive
v0x7fffb8cf0d20_0 .net "clear", 0 0, o0x7f11a26f1038;  0 drivers
o0x7f11a26f1068 .functor BUFZ 1, C4<z>; HiZ drive
v0x7fffb8cf0e00_0 .net "clk", 0 0, o0x7f11a26f1068;  0 drivers
o0x7f11a26f1098 .functor BUFZ 1, C4<z>; HiZ drive
v0x7fffb8cf0ec0_0 .net "d", 0 0, o0x7f11a26f1098;  0 drivers
o0x7f11a26f10c8 .functor BUFZ 1, C4<z>; HiZ drive
v0x7fffb8cf0f80_0 .net "en", 0 0, o0x7f11a26f10c8;  0 drivers
v0x7fffb8cf1040_0 .var "q", 0 0;
o0x7f11a26f1128 .functor BUFZ 1, C4<z>; HiZ drive
v0x7fffb8cf1170_0 .net "resetn", 0 0, o0x7f11a26f1128;  0 drivers
E_0x7fffb8cce870/0 .event negedge, v0x7fffb8cf1170_0;
E_0x7fffb8cce870/1 .event posedge, v0x7fffb8cf0e00_0;
E_0x7fffb8cce870 .event/or E_0x7fffb8cce870/0, E_0x7fffb8cce870/1;
S_0x7fffb8cb9f80 .scope module, "reg_re" "reg_re" 5 52;
 .timescale -9 -9;
    .port_info 0 /INPUT 1 "clk";
    .port_info 1 /INPUT 1 "resetn";
    .port_info 2 /INPUT 1 "en";
    .port_info 3 /INPUT 1 "d";
    .port_info 4 /OUTPUT 1 "q";
P_0x7fffb8cba110 .param/l "WIDTH" 0 5 52, +C4<00000000000000000000000000000001>;
o0x7f11a26f1278 .functor BUFZ 1, C4<z>; HiZ drive
v0x7fffb8cf1330_0 .net "clear", 0 0, o0x7f11a26f1278;  0 drivers
o0x7f11a26f12a8 .functor BUFZ 1, C4<z>; HiZ drive
v0x7fffb8cf1410_0 .net "clk", 0 0, o0x7f11a26f12a8;  0 drivers
o0x7f11a26f12d8 .functor BUFZ 1, C4<z>; HiZ drive
v0x7fffb8cf14d0_0 .net "d", 0 0, o0x7f11a26f12d8;  0 drivers
o0x7f11a26f1308 .functor BUFZ 1, C4<z>; HiZ drive
v0x7fffb8cf1590_0 .net "en", 0 0, o0x7f11a26f1308;  0 drivers
v0x7fffb8cf1650_0 .var "q", 0 0;
o0x7f11a26f1368 .functor BUFZ 1, C4<z>; HiZ drive
v0x7fffb8cf1780_0 .net "resetn", 0 0, o0x7f11a26f1368;  0 drivers
E_0x7fffb8caf230/0 .event negedge, v0x7fffb8cf1780_0;
E_0x7fffb8caf230/1 .event posedge, v0x7fffb8cf1410_0;
E_0x7fffb8caf230 .event/or E_0x7fffb8caf230/0, E_0x7fffb8caf230/1;
S_0x7fffb8cbd0b0 .scope module, "reg_rv" "reg_rv" 5 19;
 .timescale -9 -9;
    .port_info 0 /INPUT 1 "clk";
    .port_info 1 /INPUT 1 "resetn";
    .port_info 2 /INPUT 1 "reset_val";
    .port_info 3 /INPUT 1 "d";
    .port_info 4 /OUTPUT 1 "q";
P_0x7fffb8cbd240 .param/l "WIDTH" 0 5 19, +C4<00000000000000000000000000000001>;
o0x7f11a26f1488 .functor BUFZ 1, C4<z>; HiZ drive
v0x7fffb8cf1960_0 .net "clk", 0 0, o0x7f11a26f1488;  0 drivers
o0x7f11a26f14b8 .functor BUFZ 1, C4<z>; HiZ drive
v0x7fffb8cf1a40_0 .net "d", 0 0, o0x7f11a26f14b8;  0 drivers
v0x7fffb8cf1b20_0 .var "q", 0 0;
o0x7f11a26f1518 .functor BUFZ 1, C4<z>; HiZ drive
v0x7fffb8cf1be0_0 .net "reset_val", 0 0, o0x7f11a26f1518;  0 drivers
o0x7f11a26f1548 .functor BUFZ 1, C4<z>; HiZ drive
v0x7fffb8cf1cc0_0 .net "resetn", 0 0, o0x7f11a26f1548;  0 drivers
E_0x7fffb8cf18e0/0 .event negedge, v0x7fffb8cf1cc0_0;
E_0x7fffb8cf18e0/1 .event posedge, v0x7fffb8cf1960_0;
E_0x7fffb8cf18e0 .event/or E_0x7fffb8cf18e0/0, E_0x7fffb8cf18e0/1;
    .scope S_0x7fffb8cbecc0;
T_0 ;
    %wait E_0x7fffb8caf3f0;
    %load/vec4 v0x7fffb8cb1040_0;
    %nor/r;
    %flag_set/vec4 8;
    %jmp/0xz  T_0.0, 8;
    %pushi/vec4 0, 0, 32;
    %assign/vec4 v0x7fffb8cb14c0_0, 0;
    %jmp T_0.1;
T_0.0 ;
    %load/vec4 v0x7fffb8cb17c0_0;
    %assign/vec4 v0x7fffb8cb14c0_0, 0;
T_0.1 ;
    %jmp T_0;
    .thread T_0;
    .scope S_0x7fffb8cec2e0;
T_1 ;
    %vpi_call/w 4 261 "$readmemh", "program.mem", v0x7fffb8cec5e0 {0 0 0};
    %end;
    .thread T_1;
    .scope S_0x7fffb8cc84f0;
T_2 ;
    %fork t_1, S_0x7fffb8cacb70;
    %jmp t_0;
    .scope S_0x7fffb8cacb70;
t_1 ;
    %pushi/vec4 0, 0, 1;
    %assign/vec4 v0x7fffb8cf0690_0, 0;
    %delay 10, 0;
    %pushi/vec4 1, 0, 1;
    %assign/vec4 v0x7fffb8cf0690_0, 0;
    %delay 100, 0;
    %pushi/vec4 0, 0, 1;
    %assign/vec4 v0x7fffb8cf0690_0, 0;
    %delay 10, 0;
    %pushi/vec4 1, 0, 1;
    %assign/vec4 v0x7fffb8cf0690_0, 0;
    %end;
    .scope S_0x7fffb8cc84f0;
t_0 %join;
    %end;
    .thread T_2;
    .scope S_0x7fffb8cc84f0;
T_3 ;
    %fork t_3, S_0x7fffb8cbd330;
    %jmp t_2;
    .scope S_0x7fffb8cbd330;
t_3 ;
    %pushi/vec4 1, 0, 1;
    %assign/vec4 v0x7fffb8cf05d0_0, 0;
T_3.0 ;
    %delay 5, 0;
    %load/vec4 v0x7fffb8cf05d0_0;
    %inv;
    %store/vec4 v0x7fffb8cf05d0_0, 0, 1;
    %jmp T_3.0;
    %end;
    .scope S_0x7fffb8cc84f0;
t_2 %join;
    %end;
    .thread T_3;
    .scope S_0x7fffb8cc84f0;
T_4 ;
    %fork t_5, S_0x7fffb8cacd50;
    %jmp t_4;
    .scope S_0x7fffb8cacd50;
t_5 ;
    %pushi/vec4 0, 0, 1;
    %assign/vec4 v0x7fffb8cf0750_0, 0;
    %delay 60, 0;
    %pushi/vec4 1, 0, 1;
    %assign/vec4 v0x7fffb8cf0750_0, 0;
    %delay 10, 0;
    %pushi/vec4 0, 0, 1;
    %assign/vec4 v0x7fffb8cf0750_0, 0;
    %end;
    .scope S_0x7fffb8cc84f0;
t_4 %join;
    %end;
    .thread T_4;
    .scope S_0x7fffb8cc84f0;
T_5 ;
    %delay 150, 0;
    %vpi_call/w 3 35 "$finish" {0 0 0};
    %end;
    .thread T_5;
    .scope S_0x7fffb8cc84f0;
T_6 ;
    %fork t_7, S_0x7fffb8cafc70;
    %jmp t_6;
    .scope S_0x7fffb8cafc70;
t_7 ;
    %vpi_call/w 3 39 "$dumpfile", "proc_tb.vcd" {0 0 0};
    %vpi_call/w 3 40 "$dumpvars", 32'sb00000000000000000000000000000000, S_0x7fffb8cc84f0 {0 0 0};
    %end;
    .scope S_0x7fffb8cc84f0;
t_6 %join;
    %end;
    .thread T_6;
    .scope S_0x7fffb8cc60b0;
T_7 ;
    %wait E_0x7fffb8c8a400;
    %load/vec4 v0x7fffb8cf0b30_0;
    %nor/r;
    %flag_set/vec4 8;
    %jmp/0xz  T_7.0, 8;
    %pushi/vec4 0, 0, 1;
    %assign/vec4 v0x7fffb8cf0a50_0, 0;
    %jmp T_7.1;
T_7.0 ;
    %load/vec4 v0x7fffb8cf0810_0;
    %flag_set/vec4 8;
    %jmp/0xz  T_7.2, 8;
    %pushi/vec4 0, 0, 1;
    %assign/vec4 v0x7fffb8cf0a50_0, 0;
    %jmp T_7.3;
T_7.2 ;
    %load/vec4 v0x7fffb8cf0990_0;
    %assign/vec4 v0x7fffb8cf0a50_0, 0;
T_7.3 ;
T_7.1 ;
    %jmp T_7;
    .thread T_7;
    .scope S_0x7fffb8cc4ad0;
T_8 ;
    %wait E_0x7fffb8cce870;
    %load/vec4 v0x7fffb8cf1170_0;
    %nor/r;
    %flag_set/vec4 8;
    %jmp/0xz  T_8.0, 8;
    %pushi/vec4 0, 0, 1;
    %assign/vec4 v0x7fffb8cf1040_0, 0;
    %jmp T_8.1;
T_8.0 ;
    %load/vec4 v0x7fffb8cf0d20_0;
    %flag_set/vec4 8;
    %jmp/0xz  T_8.2, 8;
    %pushi/vec4 0, 0, 1;
    %assign/vec4 v0x7fffb8cf1040_0, 0;
    %jmp T_8.3;
T_8.2 ;
    %load/vec4 v0x7fffb8cf0f80_0;
    %flag_set/vec4 8;
    %jmp/0xz  T_8.4, 8;
    %load/vec4 v0x7fffb8cf0ec0_0;
    %assign/vec4 v0x7fffb8cf1040_0, 0;
T_8.4 ;
T_8.3 ;
T_8.1 ;
    %jmp T_8;
    .thread T_8;
    .scope S_0x7fffb8cb9f80;
T_9 ;
    %wait E_0x7fffb8caf230;
    %load/vec4 v0x7fffb8cf1780_0;
    %nor/r;
    %flag_set/vec4 8;
    %jmp/0xz  T_9.0, 8;
    %pushi/vec4 0, 0, 1;
    %assign/vec4 v0x7fffb8cf1650_0, 0;
    %jmp T_9.1;
T_9.0 ;
    %load/vec4 v0x7fffb8cf1590_0;
    %flag_set/vec4 8;
    %jmp/0xz  T_9.2, 8;
    %load/vec4 v0x7fffb8cf14d0_0;
    %assign/vec4 v0x7fffb8cf1650_0, 0;
T_9.2 ;
T_9.1 ;
    %jmp T_9;
    .thread T_9;
    .scope S_0x7fffb8cbd0b0;
T_10 ;
    %wait E_0x7fffb8cf18e0;
    %load/vec4 v0x7fffb8cf1cc0_0;
    %nor/r;
    %flag_set/vec4 8;
    %jmp/0xz  T_10.0, 8;
    %load/vec4 v0x7fffb8cf1be0_0;
    %assign/vec4 v0x7fffb8cf1b20_0, 0;
    %jmp T_10.1;
T_10.0 ;
    %load/vec4 v0x7fffb8cf1a40_0;
    %assign/vec4 v0x7fffb8cf1b20_0, 0;
T_10.1 ;
    %jmp T_10;
    .thread T_10;
# The file index is used to find the file name in the following table.
:file_names 6;
    "N/A";
    "<interactive>";
    "-";
    "processor_tb.sv";
    "processor.sv";
    "blocks.sv";
